Error: Failed to lookup view "error" in views directory "C:\emvqrcode_prod\v4\emvqrcode\views"
    at Function.render (C:\emvqrcode_prod\v4\emvqrcode\node_modules\express\lib\application.js:597:17)
    at ServerResponse.render (C:\emvqrcode_prod\v4\emvqrcode\node_modules\express\lib\response.js:1039:7)
    at C:\emvqrcode_prod\v4\emvqrcode\app.js:55:7
    at Layer.handle_error (C:\emvqrcode_prod\v4\emvqrcode\node_modules\express\lib\router\layer.js:71:5)
    at trim_prefix (C:\emvqrcode_prod\v4\emvqrcode\node_modules\express\lib\router\index.js:326:13)
    at C:\emvqrcode_prod\v4\emvqrcode\node_modules\express\lib\router\index.js:286:9
    at Function.process_params (C:\emvqrcode_prod\v4\emvqrcode\node_modules\express\lib\router\index.js:346:12)
    at next (C:\emvqrcode_prod\v4\emvqrcode\node_modules\express\lib\router\index.js:280:10)
    at C:\emvqrcode_prod\v4\emvqrcode\app.js:44:3
    at Layer.handle [as handle_request] (C:\emvqrcode_prod\v4\emvqrcode\node_modules\express\lib\router\layer.js:95:5)
Error: Failed to lookup view "error" in views directory "C:\emvqrcode_prod\v4\emvqrcode\views"
    at Function.render (C:\emvqrcode_prod\v4\emvqrcode\node_modules\express\lib\application.js:597:17)
    at ServerResponse.render (C:\emvqrcode_prod\v4\emvqrcode\node_modules\express\lib\response.js:1039:7)
    at C:\emvqrcode_prod\v4\emvqrcode\app.js:55:7
    at Layer.handle_error (C:\emvqrcode_prod\v4\emvqrcode\node_modules\express\lib\router\layer.js:71:5)
    at trim_prefix (C:\emvqrcode_prod\v4\emvqrcode\node_modules\express\lib\router\index.js:326:13)
    at C:\emvqrcode_prod\v4\emvqrcode\node_modules\express\lib\router\index.js:286:9
    at Function.process_params (C:\emvqrcode_prod\v4\emvqrcode\node_modules\express\lib\router\index.js:346:12)
    at next (C:\emvqrcode_prod\v4\emvqrcode\node_modules\express\lib\router\index.js:280:10)
    at C:\emvqrcode_prod\v4\emvqrcode\app.js:44:3
    at Layer.handle [as handle_request] (C:\emvqrcode_prod\v4\emvqrcode\node_modules\express\lib\router\layer.js:95:5)
Error: Failed to lookup view "error" in views directory "C:\emvqrcode_prod\v4\emvqrcode\views"
    at Function.render (C:\emvqrcode_prod\v4\emvqrcode\node_modules\express\lib\application.js:597:17)
    at ServerResponse.render (C:\emvqrcode_prod\v4\emvqrcode\node_modules\express\lib\response.js:1039:7)
    at C:\emvqrcode_prod\v4\emvqrcode\app.js:55:7
    at Layer.handle_error (C:\emvqrcode_prod\v4\emvqrcode\node_modules\express\lib\router\layer.js:71:5)
    at trim_prefix (C:\emvqrcode_prod\v4\emvqrcode\node_modules\express\lib\router\index.js:326:13)
    at C:\emvqrcode_prod\v4\emvqrcode\node_modules\express\lib\router\index.js:286:9
    at Function.process_params (C:\emvqrcode_prod\v4\emvqrcode\node_modules\express\lib\router\index.js:346:12)
    at next (C:\emvqrcode_prod\v4\emvqrcode\node_modules\express\lib\router\index.js:280:10)
    at C:\emvqrcode_prod\v4\emvqrcode\app.js:44:3
    at Layer.handle [as handle_request] (C:\emvqrcode_prod\v4\emvqrcode\node_modules\express\lib\router\layer.js:95:5)
Error: Failed to lookup view "error" in views directory "C:\emvqrcode_prod\v4\emvqrcode\views"
    at Function.render (C:\emvqrcode_prod\v4\emvqrcode\node_modules\express\lib\application.js:597:17)
    at ServerResponse.render (C:\emvqrcode_prod\v4\emvqrcode\node_modules\express\lib\response.js:1039:7)
    at C:\emvqrcode_prod\v4\emvqrcode\app.js:55:7
    at Layer.handle_error (C:\emvqrcode_prod\v4\emvqrcode\node_modules\express\lib\router\layer.js:71:5)
    at trim_prefix (C:\emvqrcode_prod\v4\emvqrcode\node_modules\express\lib\router\index.js:326:13)
    at C:\emvqrcode_prod\v4\emvqrcode\node_modules\express\lib\router\index.js:286:9
    at Function.process_params (C:\emvqrcode_prod\v4\emvqrcode\node_modules\express\lib\router\index.js:346:12)
    at next (C:\emvqrcode_prod\v4\emvqrcode\node_modules\express\lib\router\index.js:280:10)
    at C:\emvqrcode_prod\v4\emvqrcode\app.js:44:3
    at Layer.handle [as handle_request] (C:\emvqrcode_prod\v4\emvqrcode\node_modules\express\lib\router\layer.js:95:5)
Error: Failed to lookup view "error" in views directory "C:\emvqrcode_prod\v4\emvqrcode\views"
    at Function.render (C:\emvqrcode_prod\v4\emvqrcode\node_modules\express\lib\application.js:597:17)
    at ServerResponse.render (C:\emvqrcode_prod\v4\emvqrcode\node_modules\express\lib\response.js:1039:7)
    at C:\emvqrcode_prod\v4\emvqrcode\app.js:55:7
    at Layer.handle_error (C:\emvqrcode_prod\v4\emvqrcode\node_modules\express\lib\router\layer.js:71:5)
    at trim_prefix (C:\emvqrcode_prod\v4\emvqrcode\node_modules\express\lib\router\index.js:326:13)
    at C:\emvqrcode_prod\v4\emvqrcode\node_modules\express\lib\router\index.js:286:9
    at Function.process_params (C:\emvqrcode_prod\v4\emvqrcode\node_modules\express\lib\router\index.js:346:12)
    at next (C:\emvqrcode_prod\v4\emvqrcode\node_modules\express\lib\router\index.js:280:10)
    at C:\emvqrcode_prod\v4\emvqrcode\app.js:44:3
    at Layer.handle [as handle_request] (C:\emvqrcode_prod\v4\emvqrcode\node_modules\express\lib\router\layer.js:95:5)
Error: Failed to lookup view "error" in views directory "C:\emvqrcode_prod\v4\emvqrcode\views"
    at Function.render (C:\emvqrcode_prod\v4\emvqrcode\node_modules\express\lib\application.js:597:17)
    at ServerResponse.render (C:\emvqrcode_prod\v4\emvqrcode\node_modules\express\lib\response.js:1039:7)
    at C:\emvqrcode_prod\v4\emvqrcode\app.js:55:7
    at Layer.handle_error (C:\emvqrcode_prod\v4\emvqrcode\node_modules\express\lib\router\layer.js:71:5)
    at trim_prefix (C:\emvqrcode_prod\v4\emvqrcode\node_modules\express\lib\router\index.js:326:13)
    at C:\emvqrcode_prod\v4\emvqrcode\node_modules\express\lib\router\index.js:286:9
    at Function.process_params (C:\emvqrcode_prod\v4\emvqrcode\node_modules\express\lib\router\index.js:346:12)
    at next (C:\emvqrcode_prod\v4\emvqrcode\node_modules\express\lib\router\index.js:280:10)
    at C:\emvqrcode_prod\v4\emvqrcode\app.js:44:3
    at Layer.handle [as handle_request] (C:\emvqrcode_prod\v4\emvqrcode\node_modules\express\lib\router\layer.js:95:5)
Error: Failed to lookup view "error" in views directory "C:\emvqrcode_prod\v4\emvqrcode\views"
    at Function.render (C:\emvqrcode_prod\v4\emvqrcode\node_modules\express\lib\application.js:597:17)
    at ServerResponse.render (C:\emvqrcode_prod\v4\emvqrcode\node_modules\express\lib\response.js:1039:7)
    at C:\emvqrcode_prod\v4\emvqrcode\app.js:55:7
    at Layer.handle_error (C:\emvqrcode_prod\v4\emvqrcode\node_modules\express\lib\router\layer.js:71:5)
    at trim_prefix (C:\emvqrcode_prod\v4\emvqrcode\node_modules\express\lib\router\index.js:326:13)
    at C:\emvqrcode_prod\v4\emvqrcode\node_modules\express\lib\router\index.js:286:9
    at Function.process_params (C:\emvqrcode_prod\v4\emvqrcode\node_modules\express\lib\router\index.js:346:12)
    at next (C:\emvqrcode_prod\v4\emvqrcode\node_modules\express\lib\router\index.js:280:10)
    at C:\emvqrcode_prod\v4\emvqrcode\app.js:44:3
    at Layer.handle [as handle_request] (C:\emvqrcode_prod\v4\emvqrcode\node_modules\express\lib\router\layer.js:95:5)
Error: Failed to lookup view "error" in views directory "C:\emvqrcode_prod\v4\emvqrcode\views"
    at Function.render (C:\emvqrcode_prod\v4\emvqrcode\node_modules\express\lib\application.js:597:17)
    at ServerResponse.render (C:\emvqrcode_prod\v4\emvqrcode\node_modules\express\lib\response.js:1039:7)
    at C:\emvqrcode_prod\v4\emvqrcode\app.js:55:7
    at Layer.handle_error (C:\emvqrcode_prod\v4\emvqrcode\node_modules\express\lib\router\layer.js:71:5)
    at trim_prefix (C:\emvqrcode_prod\v4\emvqrcode\node_modules\express\lib\router\index.js:326:13)
    at C:\emvqrcode_prod\v4\emvqrcode\node_modules\express\lib\router\index.js:286:9
    at Function.process_params (C:\emvqrcode_prod\v4\emvqrcode\node_modules\express\lib\router\index.js:346:12)
    at next (C:\emvqrcode_prod\v4\emvqrcode\node_modules\express\lib\router\index.js:280:10)
    at C:\emvqrcode_prod\v4\emvqrcode\app.js:44:3
    at Layer.handle [as handle_request] (C:\emvqrcode_prod\v4\emvqrcode\node_modules\express\lib\router\layer.js:95:5)
Error: Failed to lookup view "error" in views directory "C:\emvqrcode_prod\v4\emvqrcode\views"
    at Function.render (C:\emvqrcode_prod\v4\emvqrcode\node_modules\express\lib\application.js:597:17)
    at ServerResponse.render (C:\emvqrcode_prod\v4\emvqrcode\node_modules\express\lib\response.js:1039:7)
    at C:\emvqrcode_prod\v4\emvqrcode\app.js:55:7
    at Layer.handle_error (C:\emvqrcode_prod\v4\emvqrcode\node_modules\express\lib\router\layer.js:71:5)
    at trim_prefix (C:\emvqrcode_prod\v4\emvqrcode\node_modules\express\lib\router\index.js:326:13)
    at C:\emvqrcode_prod\v4\emvqrcode\node_modules\express\lib\router\index.js:286:9
    at Function.process_params (C:\emvqrcode_prod\v4\emvqrcode\node_modules\express\lib\router\index.js:346:12)
    at next (C:\emvqrcode_prod\v4\emvqrcode\node_modules\express\lib\router\index.js:280:10)
    at C:\emvqrcode_prod\v4\emvqrcode\app.js:44:3
    at Layer.handle [as handle_request] (C:\emvqrcode_prod\v4\emvqrcode\node_modules\express\lib\router\layer.js:95:5)
Error: Failed to lookup view "error" in views directory "C:\emvqrcode_prod\v4\emvqrcode\views"
    at Function.render (C:\emvqrcode_prod\v4\emvqrcode\node_modules\express\lib\application.js:597:17)
    at ServerResponse.render (C:\emvqrcode_prod\v4\emvqrcode\node_modules\express\lib\response.js:1039:7)
    at C:\emvqrcode_prod\v4\emvqrcode\app.js:55:7
    at Layer.handle_error (C:\emvqrcode_prod\v4\emvqrcode\node_modules\express\lib\router\layer.js:71:5)
    at trim_prefix (C:\emvqrcode_prod\v4\emvqrcode\node_modules\express\lib\router\index.js:326:13)
    at C:\emvqrcode_prod\v4\emvqrcode\node_modules\express\lib\router\index.js:286:9
    at Function.process_params (C:\emvqrcode_prod\v4\emvqrcode\node_modules\express\lib\router\index.js:346:12)
    at next (C:\emvqrcode_prod\v4\emvqrcode\node_modules\express\lib\router\index.js:280:10)
    at C:\emvqrcode_prod\v4\emvqrcode\app.js:44:3
    at Layer.handle [as handle_request] (C:\emvqrcode_prod\v4\emvqrcode\node_modules\express\lib\router\layer.js:95:5)
Error: Failed to lookup view "error" in views directory "C:\emvqrcode_prod\v4\emvqrcode\views"
    at Function.render (C:\emvqrcode_prod\v4\emvqrcode\node_modules\express\lib\application.js:597:17)
    at ServerResponse.render (C:\emvqrcode_prod\v4\emvqrcode\node_modules\express\lib\response.js:1039:7)
    at C:\emvqrcode_prod\v4\emvqrcode\app.js:55:7
    at Layer.handle_error (C:\emvqrcode_prod\v4\emvqrcode\node_modules\express\lib\router\layer.js:71:5)
    at trim_prefix (C:\emvqrcode_prod\v4\emvqrcode\node_modules\express\lib\router\index.js:326:13)
    at C:\emvqrcode_prod\v4\emvqrcode\node_modules\express\lib\router\index.js:286:9
    at Function.process_params (C:\emvqrcode_prod\v4\emvqrcode\node_modules\express\lib\router\index.js:346:12)
    at next (C:\emvqrcode_prod\v4\emvqrcode\node_modules\express\lib\router\index.js:280:10)
    at C:\emvqrcode_prod\v4\emvqrcode\app.js:44:3
    at Layer.handle [as handle_request] (C:\emvqrcode_prod\v4\emvqrcode\node_modules\express\lib\router\layer.js:95:5)
Error: Failed to lookup view "error" in views directory "C:\emvqrcode_prod\v4\emvqrcode\views"
    at Function.render (C:\emvqrcode_prod\v4\emvqrcode\node_modules\express\lib\application.js:597:17)
    at ServerResponse.render (C:\emvqrcode_prod\v4\emvqrcode\node_modules\express\lib\response.js:1039:7)
    at C:\emvqrcode_prod\v4\emvqrcode\app.js:55:7
    at Layer.handle_error (C:\emvqrcode_prod\v4\emvqrcode\node_modules\express\lib\router\layer.js:71:5)
    at trim_prefix (C:\emvqrcode_prod\v4\emvqrcode\node_modules\express\lib\router\index.js:326:13)
    at C:\emvqrcode_prod\v4\emvqrcode\node_modules\express\lib\router\index.js:286:9
    at Function.process_params (C:\emvqrcode_prod\v4\emvqrcode\node_modules\express\lib\router\index.js:346:12)
    at next (C:\emvqrcode_prod\v4\emvqrcode\node_modules\express\lib\router\index.js:280:10)
    at C:\emvqrcode_prod\v4\emvqrcode\app.js:44:3
    at Layer.handle [as handle_request] (C:\emvqrcode_prod\v4\emvqrcode\node_modules\express\lib\router\layer.js:95:5)
Error: Failed to lookup view "error" in views directory "C:\emvqrcode_prod\v4\emvqrcode\views"
    at Function.render (C:\emvqrcode_prod\v4\emvqrcode\node_modules\express\lib\application.js:597:17)
    at ServerResponse.render (C:\emvqrcode_prod\v4\emvqrcode\node_modules\express\lib\response.js:1039:7)
    at C:\emvqrcode_prod\v4\emvqrcode\app.js:55:7
    at Layer.handle_error (C:\emvqrcode_prod\v4\emvqrcode\node_modules\express\lib\router\layer.js:71:5)
    at trim_prefix (C:\emvqrcode_prod\v4\emvqrcode\node_modules\express\lib\router\index.js:326:13)
    at C:\emvqrcode_prod\v4\emvqrcode\node_modules\express\lib\router\index.js:286:9
    at Function.process_params (C:\emvqrcode_prod\v4\emvqrcode\node_modules\express\lib\router\index.js:346:12)
    at next (C:\emvqrcode_prod\v4\emvqrcode\node_modules\express\lib\router\index.js:280:10)
    at C:\emvqrcode_prod\v4\emvqrcode\app.js:44:3
    at Layer.handle [as handle_request] (C:\emvqrcode_prod\v4\emvqrcode\node_modules\express\lib\router\layer.js:95:5)
Error: Failed to lookup view "error" in views directory "C:\emvqrcode_prod\v4\emvqrcode\views"
    at Function.render (C:\emvqrcode_prod\v4\emvqrcode\node_modules\express\lib\application.js:597:17)
    at ServerResponse.render (C:\emvqrcode_prod\v4\emvqrcode\node_modules\express\lib\response.js:1039:7)
    at C:\emvqrcode_prod\v4\emvqrcode\app.js:55:7
    at Layer.handle_error (C:\emvqrcode_prod\v4\emvqrcode\node_modules\express\lib\router\layer.js:71:5)
    at trim_prefix (C:\emvqrcode_prod\v4\emvqrcode\node_modules\express\lib\router\index.js:326:13)
    at C:\emvqrcode_prod\v4\emvqrcode\node_modules\express\lib\router\index.js:286:9
    at Function.process_params (C:\emvqrcode_prod\v4\emvqrcode\node_modules\express\lib\router\index.js:346:12)
    at next (C:\emvqrcode_prod\v4\emvqrcode\node_modules\express\lib\router\index.js:280:10)
    at C:\emvqrcode_prod\v4\emvqrcode\app.js:44:3
    at Layer.handle [as handle_request] (C:\emvqrcode_prod\v4\emvqrcode\node_modules\express\lib\router\layer.js:95:5)
Error: Failed to lookup view "error" in views directory "C:\emvqrcode_prod\v4\emvqrcode\views"
    at Function.render (C:\emvqrcode_prod\v4\emvqrcode\node_modules\express\lib\application.js:597:17)
    at ServerResponse.render (C:\emvqrcode_prod\v4\emvqrcode\node_modules\express\lib\response.js:1039:7)
    at C:\emvqrcode_prod\v4\emvqrcode\app.js:55:7
    at Layer.handle_error (C:\emvqrcode_prod\v4\emvqrcode\node_modules\express\lib\router\layer.js:71:5)
    at trim_prefix (C:\emvqrcode_prod\v4\emvqrcode\node_modules\express\lib\router\index.js:326:13)
    at C:\emvqrcode_prod\v4\emvqrcode\node_modules\express\lib\router\index.js:286:9
    at Function.process_params (C:\emvqrcode_prod\v4\emvqrcode\node_modules\express\lib\router\index.js:346:12)
    at next (C:\emvqrcode_prod\v4\emvqrcode\node_modules\express\lib\router\index.js:280:10)
    at C:\emvqrcode_prod\v4\emvqrcode\app.js:44:3
    at Layer.handle [as handle_request] (C:\emvqrcode_prod\v4\emvqrcode\node_modules\express\lib\router\layer.js:95:5)
Error: Failed to lookup view "error" in views directory "C:\emvqrcode_prod\v4\emvqrcode\views"
    at Function.render (C:\emvqrcode_prod\v4\emvqrcode\node_modules\express\lib\application.js:597:17)
    at ServerResponse.render (C:\emvqrcode_prod\v4\emvqrcode\node_modules\express\lib\response.js:1039:7)
    at C:\emvqrcode_prod\v4\emvqrcode\app.js:55:7
    at Layer.handle_error (C:\emvqrcode_prod\v4\emvqrcode\node_modules\express\lib\router\layer.js:71:5)
    at trim_prefix (C:\emvqrcode_prod\v4\emvqrcode\node_modules\express\lib\router\index.js:326:13)
    at C:\emvqrcode_prod\v4\emvqrcode\node_modules\express\lib\router\index.js:286:9
    at Function.process_params (C:\emvqrcode_prod\v4\emvqrcode\node_modules\express\lib\router\index.js:346:12)
    at next (C:\emvqrcode_prod\v4\emvqrcode\node_modules\express\lib\router\index.js:280:10)
    at C:\emvqrcode_prod\v4\emvqrcode\app.js:44:3
    at Layer.handle [as handle_request] (C:\emvqrcode_prod\v4\emvqrcode\node_modules\express\lib\router\layer.js:95:5)
Error: Failed to lookup view "error" in views directory "C:\emvqrcode_prod\v4\emvqrcode\views"
    at Function.render (C:\emvqrcode_prod\v4\emvqrcode\node_modules\express\lib\application.js:597:17)
    at ServerResponse.render (C:\emvqrcode_prod\v4\emvqrcode\node_modules\express\lib\response.js:1039:7)
    at C:\emvqrcode_prod\v4\emvqrcode\app.js:55:7
    at Layer.handle_error (C:\emvqrcode_prod\v4\emvqrcode\node_modules\express\lib\router\layer.js:71:5)
    at trim_prefix (C:\emvqrcode_prod\v4\emvqrcode\node_modules\express\lib\router\index.js:326:13)
    at C:\emvqrcode_prod\v4\emvqrcode\node_modules\express\lib\router\index.js:286:9
    at Function.process_params (C:\emvqrcode_prod\v4\emvqrcode\node_modules\express\lib\router\index.js:346:12)
    at next (C:\emvqrcode_prod\v4\emvqrcode\node_modules\express\lib\router\index.js:280:10)
    at C:\emvqrcode_prod\v4\emvqrcode\app.js:44:3
    at Layer.handle [as handle_request] (C:\emvqrcode_prod\v4\emvqrcode\node_modules\express\lib\router\layer.js:95:5)
